77 [main] INFO root - JTIG parser started.
2069 [main] INFO root - Read lexicon 'D:\latest_jtig\english-conll-5000.xml' successfully.
2196 [main] INFO root - Start prepocessing sentence: 'ROOT In an Oct. 19 review of `` The Misanthrope '' at Chicago 's Goodman Theatre ( `` Revitalized Classics Take the Stage in Windy City , '' Leisure & Arts ) , the role of Celimene , played by Kim Cattrall , was mistakenly attributed to Christina Haag .'.
2197 [main] INFO root - Tokenized: [Token [pos=0, label=ROOT], Token [pos=5, label=In], Token [pos=8, label=an], Token [pos=11, label=Oct.], Token [pos=16, label=19], Token [pos=19, label=review], Token [pos=26, label=of], Token [pos=29, label=`], Token [pos=30, label=`], Token [pos=32, label=The], Token [pos=36, label=Misanthrope], Token [pos=48, label='], Token [pos=49, label='], Token [pos=51, label=at], Token [pos=54, label=Chicago], Token [pos=62, label='s], Token [pos=65, label=Goodman], Token [pos=73, label=Theatre], Token [pos=81, label=(], Token [pos=83, label=`], Token [pos=84, label=`], Token [pos=86, label=Revitalized], Token [pos=98, label=Classics], Token [pos=107, label=Take], Token [pos=112, label=the], Token [pos=116, label=Stage], Token [pos=122, label=in], Token [pos=125, label=Windy], Token [pos=131, label=City], Token [pos=136, label=,], Token [pos=138, label='], Token [pos=139, label='], Token [pos=141, label=Leisure], Token [pos=149, label=&], Token [pos=151, label=Arts], Token [pos=156, label=)], Token [pos=158, label=,], Token [pos=160, label=the], Token [pos=164, label=role], Token [pos=169, label=of], Token [pos=172, label=Celimene], Token [pos=181, label=,], Token [pos=183, label=played], Token [pos=190, label=by], Token [pos=193, label=Kim], Token [pos=197, label=Cattrall], Token [pos=206, label=,], Token [pos=208, label=was], Token [pos=212, label=mistakenly], Token [pos=223, label=attributed], Token [pos=234, label=to], Token [pos=237, label=Christina], Token [pos=247, label=Haag], Token [pos=252, label=.]]
2237 [main] INFO run17 - Starting parse-preprocess.
2237 [main] INFO run17 - Sentence: ROOT In an Oct. 19 review of `` The Misanthrope '' at Chicago 's Goodman Theatre ( `` Revitalized Classics Take the Stage in Windy City , '' Leisure & Arts ) , the role of Celimene , played by Kim Cattrall , was mistakenly attributed to Christina Haag .
2237 [main] INFO run17 - Tokens: [Token [pos=0, label=ROOT], Token [pos=5, label=In], Token [pos=8, label=an], Token [pos=11, label=Oct.], Token [pos=16, label=19], Token [pos=19, label=review], Token [pos=26, label=of], Token [pos=29, label=`], Token [pos=30, label=`], Token [pos=32, label=The], Token [pos=36, label=Misanthrope], Token [pos=48, label='], Token [pos=49, label='], Token [pos=51, label=at], Token [pos=54, label=Chicago], Token [pos=62, label='s], Token [pos=65, label=Goodman], Token [pos=73, label=Theatre], Token [pos=81, label=(], Token [pos=83, label=`], Token [pos=84, label=`], Token [pos=86, label=Revitalized], Token [pos=98, label=Classics], Token [pos=107, label=Take], Token [pos=112, label=the], Token [pos=116, label=Stage], Token [pos=122, label=in], Token [pos=125, label=Windy], Token [pos=131, label=City], Token [pos=136, label=,], Token [pos=138, label='], Token [pos=139, label='], Token [pos=141, label=Leisure], Token [pos=149, label=&], Token [pos=151, label=Arts], Token [pos=156, label=)], Token [pos=158, label=,], Token [pos=160, label=the], Token [pos=164, label=role], Token [pos=169, label=of], Token [pos=172, label=Celimene], Token [pos=181, label=,], Token [pos=183, label=played], Token [pos=190, label=by], Token [pos=193, label=Kim], Token [pos=197, label=Cattrall], Token [pos=206, label=,], Token [pos=208, label=was], Token [pos=212, label=mistakenly], Token [pos=223, label=attributed], Token [pos=234, label=to], Token [pos=237, label=Christina], Token [pos=247, label=Haag], Token [pos=252, label=.]]
2271 [main] INFO run17 - Found 3153 trees in lexicon which can possibly match in the sentence.
2337 [main] INFO root - Start parsing sentence: 'ROOT In an Oct. 19 review of `` The Misanthrope '' at Chicago 's Goodman Theatre ( `` Revitalized Classics Take the Stage in Windy City , '' Leisure & Arts ) , the role of Celimene , played by Kim Cattrall , was mistakenly attributed to Christina Haag .'.
2337 [pool-1-thread-1] INFO run17 - Starting parse-process.
2455 [pool-1-thread-1] INFO run17 - Chart initialized. Chart width: 54
2455 [pool-1-thread-1] INFO run17 - Started main loop using following inference rules in ordering: [Scanning, PredictTraversation, CompleteTraversation, PredictSubstitution, CompleteSubstitution, PredictLeftAdjunction, CompleteLeftAdjunction, PredictRightAdjunction, CompleteRightAdjunction]
4354 [main] INFO root - Start prepocessing sentence: 'ROOT Ms. Haag plays Elianti .'.
4354 [main] INFO root - Tokenized: [Token [pos=0, label=ROOT], Token [pos=5, label=Ms.], Token [pos=9, label=Haag], Token [pos=14, label=plays], Token [pos=20, label=Elianti], Token [pos=28, label=.]]
4366 [main] INFO run18 - Starting parse-preprocess.
4366 [main] INFO run18 - Sentence: ROOT Ms. Haag plays Elianti .
4366 [main] INFO run18 - Tokens: [Token [pos=0, label=ROOT], Token [pos=5, label=Ms.], Token [pos=9, label=Haag], Token [pos=14, label=plays], Token [pos=20, label=Elianti], Token [pos=28, label=.]]
4366 [main] INFO run18 - Found 46 trees in lexicon which can possibly match in the sentence.
4367 [main] INFO root - Start parsing sentence: 'ROOT Ms. Haag plays Elianti .'.
4368 [pool-2-thread-1] INFO run18 - Starting parse-process.
4374 [pool-2-thread-1] INFO run18 - Chart initialized. Chart width: 6
4374 [pool-2-thread-1] INFO run18 - Started main loop using following inference rules in ordering: [Scanning, PredictTraversation, CompleteTraversation, PredictSubstitution, CompleteSubstitution, PredictLeftAdjunction, CompleteLeftAdjunction, PredictRightAdjunction, CompleteRightAdjunction]
4419 [pool-2-thread-1] INFO run18 - Finished main loop. 167 items were created.
4419 [pool-2-thread-1] INFO run18 - Success.
4520 [pool-2-thread-1] INFO run18 - Extracting independent-derivation-trees.
5148 [pool-2-thread-1] INFO run18 - Extracting dependent-derivation-trees.
5172 [pool-2-thread-1] INFO run18 - Extracting derived/parse-trees.
5251 [main] INFO root - Start parsing sentence: 'ROOT Ms. Haag plays Elianti .'.
5251 [main] INFO root - Result: 'parser.early.run.ParseResult@11bc7ed'.
5255 [main] INFO root - Start prepocessing sentence: 'ROOT Rolls-Royce Motor Cars Inc. said it expects its U.S. sales to remain steady at about 1,200 cars in 1990 .'.
5255 [main] INFO root - Tokenized: [Token [pos=0, label=ROOT], Token [pos=5, label=Rolls-Royce], Token [pos=17, label=Motor], Token [pos=23, label=Cars], Token [pos=28, label=Inc.], Token [pos=33, label=said], Token [pos=38, label=it], Token [pos=41, label=expects], Token [pos=49, label=its], Token [pos=53, label=U.S.], Token [pos=58, label=sales], Token [pos=64, label=to], Token [pos=67, label=remain], Token [pos=74, label=steady], Token [pos=81, label=at], Token [pos=84, label=about], Token [pos=90, label=1,200], Token [pos=96, label=cars], Token [pos=101, label=in], Token [pos=104, label=1990], Token [pos=109, label=.]]
5256 [main] INFO run19 - Starting parse-preprocess.
5256 [main] INFO run19 - Sentence: ROOT Rolls-Royce Motor Cars Inc. said it expects its U.S. sales to remain steady at about 1,200 cars in 1990 .
5256 [main] INFO run19 - Tokens: [Token [pos=0, label=ROOT], Token [pos=5, label=Rolls-Royce], Token [pos=17, label=Motor], Token [pos=23, label=Cars], Token [pos=28, label=Inc.], Token [pos=33, label=said], Token [pos=38, label=it], Token [pos=41, label=expects], Token [pos=49, label=its], Token [pos=53, label=U.S.], Token [pos=58, label=sales], Token [pos=64, label=to], Token [pos=67, label=remain], Token [pos=74, label=steady], Token [pos=81, label=at], Token [pos=84, label=about], Token [pos=90, label=1,200], Token [pos=96, label=cars], Token [pos=101, label=in], Token [pos=104, label=1990], Token [pos=109, label=.]]
5261 [main] INFO run19 - Found 321 trees in lexicon which can possibly match in the sentence.
5262 [main] INFO root - Start parsing sentence: 'ROOT Rolls-Royce Motor Cars Inc. said it expects its U.S. sales to remain steady at about 1,200 cars in 1990 .'.
5266 [pool-3-thread-1] INFO run19 - Starting parse-process.
5267 [pool-3-thread-1] INFO run19 - Chart initialized. Chart width: 21
5267 [pool-3-thread-1] INFO run19 - Started main loop using following inference rules in ordering: [Scanning, PredictTraversation, CompleteTraversation, PredictSubstitution, CompleteSubstitution, PredictLeftAdjunction, CompleteLeftAdjunction, PredictRightAdjunction, CompleteRightAdjunction]
5830 [pool-3-thread-1] INFO run19 - Finished main loop. 40104 items were created.
5830 [pool-3-thread-1] INFO run19 - Success.
5830 [pool-3-thread-1] INFO run19 - Extracting independent-derivation-trees.
5831 [pool-3-thread-1] INFO run19 - Extracting dependent-derivation-trees.
5856 [pool-3-thread-1] INFO run19 - Extracting derived/parse-trees.
5859 [main] INFO root - Start parsing sentence: 'ROOT Rolls-Royce Motor Cars Inc. said it expects its U.S. sales to remain steady at about 1,200 cars in 1990 .'.
5859 [main] INFO root - Result: 'parser.early.run.ParseResult@169b07b'.
5862 [main] INFO root - Start prepocessing sentence: 'ROOT The luxury auto maker last year sold 1,214 cars in the U.S.'.
5862 [main] INFO root - Tokenized: [Token [pos=0, label=ROOT], Token [pos=5, label=The], Token [pos=9, label=luxury], Token [pos=16, label=auto], Token [pos=21, label=maker], Token [pos=27, label=last], Token [pos=32, label=year], Token [pos=37, label=sold], Token [pos=42, label=1,214], Token [pos=48, label=cars], Token [pos=53, label=in], Token [pos=56, label=the], Token [pos=60, label=U.S.]]
5874 [main] INFO run20 - Starting parse-preprocess.
5874 [main] INFO run20 - Sentence: ROOT The luxury auto maker last year sold 1,214 cars in the U.S.
5874 [main] INFO run20 - Tokens: [Token [pos=0, label=ROOT], Token [pos=5, label=The], Token [pos=9, label=luxury], Token [pos=16, label=auto], Token [pos=21, label=maker], Token [pos=27, label=last], Token [pos=32, label=year], Token [pos=37, label=sold], Token [pos=42, label=1,214], Token [pos=48, label=cars], Token [pos=53, label=in], Token [pos=56, label=the], Token [pos=60, label=U.S.]]
5875 [main] INFO run20 - Found 162 trees in lexicon which can possibly match in the sentence.
5875 [main] INFO root - Start parsing sentence: 'ROOT The luxury auto maker last year sold 1,214 cars in the U.S.'.
5875 [pool-4-thread-1] INFO run20 - Starting parse-process.
5878 [pool-4-thread-1] INFO run20 - Chart initialized. Chart width: 13
5878 [pool-4-thread-1] INFO run20 - Started main loop using following inference rules in ordering: [Scanning, PredictTraversation, CompleteTraversation, PredictSubstitution, CompleteSubstitution, PredictLeftAdjunction, CompleteLeftAdjunction, PredictRightAdjunction, CompleteRightAdjunction]
6018 [pool-4-thread-1] INFO run20 - Finished main loop. 13744 items were created.
6018 [pool-4-thread-1] INFO run20 - Success.
6018 [pool-4-thread-1] INFO run20 - Extracting independent-derivation-trees.
6019 [pool-4-thread-1] INFO run20 - Extracting dependent-derivation-trees.
6019 [pool-4-thread-1] INFO run20 - Extracting derived/parse-trees.
6020 [main] INFO root - Start parsing sentence: 'ROOT The luxury auto maker last year sold 1,214 cars in the U.S.'.
6020 [main] INFO root - Result: 'parser.early.run.ParseResult@9f23b4'.
6023 [main] INFO root - Start prepocessing sentence: 'ROOT Howard Mosher , president and chief executive officer , said he anticipates growth for the luxury auto maker in Britain and Europe , and in Far Eastern markets .'.
6024 [main] INFO root - Tokenized: [Token [pos=0, label=ROOT], Token [pos=5, label=Howard], Token [pos=12, label=Mosher], Token [pos=19, label=,], Token [pos=21, label=president], Token [pos=31, label=and], Token [pos=35, label=chief], Token [pos=41, label=executive], Token [pos=51, label=officer], Token [pos=59, label=,], Token [pos=61, label=said], Token [pos=66, label=he], Token [pos=69, label=anticipates], Token [pos=81, label=growth], Token [pos=88, label=for], Token [pos=92, label=the], Token [pos=96, label=luxury], Token [pos=103, label=auto], Token [pos=108, label=maker], Token [pos=114, label=in], Token [pos=117, label=Britain], Token [pos=125, label=and], Token [pos=129, label=Europe], Token [pos=136, label=,], Token [pos=138, label=and], Token [pos=142, label=in], Token [pos=145, label=Far], Token [pos=149, label=Eastern], Token [pos=157, label=markets], Token [pos=165, label=.]]
6025 [main] INFO run21 - Starting parse-preprocess.
6025 [main] INFO run21 - Sentence: ROOT Howard Mosher , president and chief executive officer , said he anticipates growth for the luxury auto maker in Britain and Europe , and in Far Eastern markets .
6025 [main] INFO run21 - Tokens: [Token [pos=0, label=ROOT], Token [pos=5, label=Howard], Token [pos=12, label=Mosher], Token [pos=19, label=,], Token [pos=21, label=president], Token [pos=31, label=and], Token [pos=35, label=chief], Token [pos=41, label=executive], Token [pos=51, label=officer], Token [pos=59, label=,], Token [pos=61, label=said], Token [pos=66, label=he], Token [pos=69, label=anticipates], Token [pos=81, label=growth], Token [pos=88, label=for], Token [pos=92, label=the], Token [pos=96, label=luxury], Token [pos=103, label=auto], Token [pos=108, label=maker], Token [pos=114, label=in], Token [pos=117, label=Britain], Token [pos=125, label=and], Token [pos=129, label=Europe], Token [pos=136, label=,], Token [pos=138, label=and], Token [pos=142, label=in], Token [pos=145, label=Far], Token [pos=149, label=Eastern], Token [pos=157, label=markets], Token [pos=165, label=.]]
6027 [main] INFO run21 - Found 2809 trees in lexicon which can possibly match in the sentence.
6029 [main] INFO root - Start parsing sentence: 'ROOT Howard Mosher , president and chief executive officer , said he anticipates growth for the luxury auto maker in Britain and Europe , and in Far Eastern markets .'.
6030 [pool-5-thread-1] INFO run21 - Starting parse-process.
6031 [pool-5-thread-1] INFO run21 - Chart initialized. Chart width: 30
6031 [pool-5-thread-1] INFO run21 - Started main loop using following inference rules in ordering: [Scanning, PredictTraversation, CompleteTraversation, PredictSubstitution, CompleteSubstitution, PredictLeftAdjunction, CompleteLeftAdjunction, PredictRightAdjunction, CompleteRightAdjunction]
8049 [main] INFO root - Start prepocessing sentence: 'ROOT BELL INDUSTRIES Inc. increased its quarterly to 10 cents from seven cents a share .'.
8049 [main] INFO root - Tokenized: [Token [pos=0, label=ROOT], Token [pos=5, label=BELL], Token [pos=10, label=INDUSTRIES], Token [pos=21, label=Inc.], Token [pos=26, label=increased], Token [pos=36, label=its], Token [pos=40, label=quarterly], Token [pos=50, label=to], Token [pos=53, label=10], Token [pos=56, label=cents], Token [pos=62, label=from], Token [pos=67, label=seven], Token [pos=73, label=cents], Token [pos=79, label=a], Token [pos=81, label=share], Token [pos=87, label=.]]
8051 [main] INFO run22 - Starting parse-preprocess.
8051 [main] INFO run22 - Sentence: ROOT BELL INDUSTRIES Inc. increased its quarterly to 10 cents from seven cents a share .
8051 [main] INFO run22 - Tokens: [Token [pos=0, label=ROOT], Token [pos=5, label=BELL], Token [pos=10, label=INDUSTRIES], Token [pos=21, label=Inc.], Token [pos=26, label=increased], Token [pos=36, label=its], Token [pos=40, label=quarterly], Token [pos=50, label=to], Token [pos=53, label=10], Token [pos=56, label=cents], Token [pos=62, label=from], Token [pos=67, label=seven], Token [pos=73, label=cents], Token [pos=79, label=a], Token [pos=81, label=share], Token [pos=87, label=.]]
8051 [main] INFO run22 - Found 227 trees in lexicon which can possibly match in the sentence.
8052 [main] INFO root - Start parsing sentence: 'ROOT BELL INDUSTRIES Inc. increased its quarterly to 10 cents from seven cents a share .'.
8082 [pool-6-thread-1] INFO run22 - Starting parse-process.
8307 [pool-6-thread-1] INFO run22 - Chart initialized. Chart width: 16
8324 [pool-6-thread-1] INFO run22 - Started main loop using following inference rules in ordering: [Scanning, PredictTraversation, CompleteTraversation, PredictSubstitution, CompleteSubstitution, PredictLeftAdjunction, CompleteLeftAdjunction, PredictRightAdjunction, CompleteRightAdjunction]
8428 [pool-6-thread-1] INFO run22 - Finished main loop. 9850 items were created.
8428 [pool-6-thread-1] INFO run22 - Success.
8428 [pool-6-thread-1] INFO run22 - Extracting independent-derivation-trees.
8431 [pool-6-thread-1] INFO run22 - Extracting dependent-derivation-trees.
8432 [pool-6-thread-1] INFO run22 - Extracting derived/parse-trees.
8434 [main] INFO root - Start parsing sentence: 'ROOT BELL INDUSTRIES Inc. increased its quarterly to 10 cents from seven cents a share .'.
8434 [main] INFO root - Result: 'parser.early.run.ParseResult@193b845'.
8437 [main] INFO root - Start prepocessing sentence: 'ROOT The new rate will be payable Feb. 15 .'.
8437 [main] INFO root - Tokenized: [Token [pos=0, label=ROOT], Token [pos=5, label=The], Token [pos=9, label=new], Token [pos=13, label=rate], Token [pos=18, label=will], Token [pos=23, label=be], Token [pos=26, label=payable], Token [pos=34, label=Feb.], Token [pos=39, label=15], Token [pos=42, label=.]]
8439 [main] INFO run23 - Starting parse-preprocess.
8439 [main] INFO run23 - Sentence: ROOT The new rate will be payable Feb. 15 .
8439 [main] INFO run23 - Tokens: [Token [pos=0, label=ROOT], Token [pos=5, label=The], Token [pos=9, label=new], Token [pos=13, label=rate], Token [pos=18, label=will], Token [pos=23, label=be], Token [pos=26, label=payable], Token [pos=34, label=Feb.], Token [pos=39, label=15], Token [pos=42, label=.]]
8439 [main] INFO run23 - Found 162 trees in lexicon which can possibly match in the sentence.
8439 [main] INFO root - Start parsing sentence: 'ROOT The new rate will be payable Feb. 15 .'.
8453 [pool-7-thread-1] INFO run23 - Starting parse-process.
8475 [pool-7-thread-1] INFO run23 - Chart initialized. Chart width: 10
8475 [pool-7-thread-1] INFO run23 - Started main loop using following inference rules in ordering: [Scanning, PredictTraversation, CompleteTraversation, PredictSubstitution, CompleteSubstitution, PredictLeftAdjunction, CompleteLeftAdjunction, PredictRightAdjunction, CompleteRightAdjunction]
8649 [pool-7-thread-1] INFO run23 - Finished main loop. 4347 items were created.
8649 [pool-7-thread-1] INFO run23 - Success.
8649 [pool-7-thread-1] INFO run23 - Extracting independent-derivation-trees.
8650 [pool-7-thread-1] INFO run23 - Extracting dependent-derivation-trees.
8650 [pool-7-thread-1] INFO run23 - Extracting derived/parse-trees.
8653 [main] INFO root - Start parsing sentence: 'ROOT The new rate will be payable Feb. 15 .'.
8653 [main] INFO root - Result: 'parser.early.run.ParseResult@14989ff'.
8655 [main] INFO root - Start prepocessing sentence: 'ROOT A record date has n't been set .'.
8655 [main] INFO root - Tokenized: [Token [pos=0, label=ROOT], Token [pos=5, label=A], Token [pos=7, label=record], Token [pos=14, label=date], Token [pos=19, label=has], Token [pos=23, label=n't], Token [pos=27, label=been], Token [pos=32, label=set], Token [pos=36, label=.]]
8657 [main] INFO run24 - Starting parse-preprocess.
8657 [main] INFO run24 - Sentence: ROOT A record date has n't been set .
8657 [main] INFO run24 - Tokens: [Token [pos=0, label=ROOT], Token [pos=5, label=A], Token [pos=7, label=record], Token [pos=14, label=date], Token [pos=19, label=has], Token [pos=23, label=n't], Token [pos=27, label=been], Token [pos=32, label=set], Token [pos=36, label=.]]
8657 [main] INFO run24 - Found 179 trees in lexicon which can possibly match in the sentence.
8658 [main] INFO root - Start parsing sentence: 'ROOT A record date has n't been set .'.
8659 [pool-8-thread-1] INFO run24 - Starting parse-process.
8725 [pool-8-thread-1] INFO run24 - Chart initialized. Chart width: 9
8725 [pool-8-thread-1] INFO run24 - Started main loop using following inference rules in ordering: [Scanning, PredictTraversation, CompleteTraversation, PredictSubstitution, CompleteSubstitution, PredictLeftAdjunction, CompleteLeftAdjunction, PredictRightAdjunction, CompleteRightAdjunction]
8772 [pool-8-thread-1] INFO run24 - Finished main loop. 4779 items were created.
8773 [pool-8-thread-1] INFO run24 - Success.
8773 [pool-8-thread-1] INFO run24 - Extracting independent-derivation-trees.
8774 [pool-8-thread-1] INFO run24 - Extracting dependent-derivation-trees.
8774 [pool-8-thread-1] INFO run24 - Extracting derived/parse-trees.
8775 [main] INFO root - Start parsing sentence: 'ROOT A record date has n't been set .'.
8775 [main] INFO root - Result: 'parser.early.run.ParseResult@197848c'.
8778 [main] INFO root - Start prepocessing sentence: 'ROOT Bell , based in Los Angeles , makes and distributes electronic , computer and building products .'.
8778 [main] INFO root - Tokenized: [Token [pos=0, label=ROOT], Token [pos=5, label=Bell], Token [pos=10, label=,], Token [pos=12, label=based], Token [pos=18, label=in], Token [pos=21, label=Los], Token [pos=25, label=Angeles], Token [pos=33, label=,], Token [pos=35, label=makes], Token [pos=41, label=and], Token [pos=45, label=distributes], Token [pos=57, label=electronic], Token [pos=68, label=,], Token [pos=70, label=computer], Token [pos=79, label=and], Token [pos=83, label=building], Token [pos=92, label=products], Token [pos=101, label=.]]
8780 [main] INFO run25 - Starting parse-preprocess.
8780 [main] INFO run25 - Sentence: ROOT Bell , based in Los Angeles , makes and distributes electronic , computer and building products .
8780 [main] INFO run25 - Tokens: [Token [pos=0, label=ROOT], Token [pos=5, label=Bell], Token [pos=10, label=,], Token [pos=12, label=based], Token [pos=18, label=in], Token [pos=21, label=Los], Token [pos=25, label=Angeles], Token [pos=33, label=,], Token [pos=35, label=makes], Token [pos=41, label=and], Token [pos=45, label=distributes], Token [pos=57, label=electronic], Token [pos=68, label=,], Token [pos=70, label=computer], Token [pos=79, label=and], Token [pos=83, label=building], Token [pos=92, label=products], Token [pos=101, label=.]]
8781 [main] INFO run25 - Found 2363 trees in lexicon which can possibly match in the sentence.
8783 [main] INFO root - Start parsing sentence: 'ROOT Bell , based in Los Angeles , makes and distributes electronic , computer and building products .'.
8796 [pool-9-thread-1] INFO run25 - Starting parse-process.
8815 [pool-9-thread-1] INFO run25 - Chart initialized. Chart width: 18
8815 [pool-9-thread-1] INFO run25 - Started main loop using following inference rules in ordering: [Scanning, PredictTraversation, CompleteTraversation, PredictSubstitution, CompleteSubstitution, PredictLeftAdjunction, CompleteLeftAdjunction, PredictRightAdjunction, CompleteRightAdjunction]
10809 [main] INFO root - Start prepocessing sentence: 'ROOT Investors are appealing to the Securities and Exchange Commission not to limit their access to information about stock purchases and sales by corporate insiders .'.
10809 [main] INFO root - Tokenized: [Token [pos=0, label=ROOT], Token [pos=5, label=Investors], Token [pos=15, label=are], Token [pos=19, label=appealing], Token [pos=29, label=to], Token [pos=32, label=the], Token [pos=36, label=Securities], Token [pos=47, label=and], Token [pos=51, label=Exchange], Token [pos=60, label=Commission], Token [pos=71, label=not], Token [pos=75, label=to], Token [pos=78, label=limit], Token [pos=84, label=their], Token [pos=90, label=access], Token [pos=97, label=to], Token [pos=100, label=information], Token [pos=112, label=about], Token [pos=118, label=stock], Token [pos=124, label=purchases], Token [pos=134, label=and], Token [pos=138, label=sales], Token [pos=144, label=by], Token [pos=147, label=corporate], Token [pos=157, label=insiders], Token [pos=166, label=.]]
10810 [main] INFO run26 - Starting parse-preprocess.
10811 [main] INFO run26 - Sentence: ROOT Investors are appealing to the Securities and Exchange Commission not to limit their access to information about stock purchases and sales by corporate insiders .
10811 [main] INFO run26 - Tokens: [Token [pos=0, label=ROOT], Token [pos=5, label=Investors], Token [pos=15, label=are], Token [pos=19, label=appealing], Token [pos=29, label=to], Token [pos=32, label=the], Token [pos=36, label=Securities], Token [pos=47, label=and], Token [pos=51, label=Exchange], Token [pos=60, label=Commission], Token [pos=71, label=not], Token [pos=75, label=to], Token [pos=78, label=limit], Token [pos=84, label=their], Token [pos=90, label=access], Token [pos=97, label=to], Token [pos=100, label=information], Token [pos=112, label=about], Token [pos=118, label=stock], Token [pos=124, label=purchases], Token [pos=134, label=and], Token [pos=138, label=sales], Token [pos=144, label=by], Token [pos=147, label=corporate], Token [pos=157, label=insiders], Token [pos=166, label=.]]
10812 [main] INFO run26 - Found 785 trees in lexicon which can possibly match in the sentence.
10813 [main] INFO root - Start parsing sentence: 'ROOT Investors are appealing to the Securities and Exchange Commission not to limit their access to information about stock purchases and sales by corporate insiders .'.
10848 [pool-10-thread-1] INFO run26 - Starting parse-process.
11025 [pool-10-thread-1] INFO run26 - Chart initialized. Chart width: 26
11025 [pool-10-thread-1] INFO run26 - Started main loop using following inference rules in ordering: [Scanning, PredictTraversation, CompleteTraversation, PredictSubstitution, CompleteSubstitution, PredictLeftAdjunction, CompleteLeftAdjunction, PredictRightAdjunction, CompleteRightAdjunction]
13543 [main] INFO root - Start prepocessing sentence: 'ROOT A SEC proposal to ease reporting requirements for some company executives would undermine the usefulness of information on insider trades as a stock-picking tool , individual investors and professional money managers contend .'.
13543 [main] INFO root - Tokenized: [Token [pos=0, label=ROOT], Token [pos=5, label=A], Token [pos=7, label=SEC], Token [pos=11, label=proposal], Token [pos=20, label=to], Token [pos=23, label=ease], Token [pos=28, label=reporting], Token [pos=38, label=requirements], Token [pos=51, label=for], Token [pos=55, label=some], Token [pos=60, label=company], Token [pos=68, label=executives], Token [pos=79, label=would], Token [pos=85, label=undermine], Token [pos=95, label=the], Token [pos=99, label=usefulness], Token [pos=110, label=of], Token [pos=113, label=information], Token [pos=125, label=on], Token [pos=128, label=insider], Token [pos=136, label=trades], Token [pos=143, label=as], Token [pos=146, label=a], Token [pos=148, label=stock-picking], Token [pos=162, label=tool], Token [pos=167, label=,], Token [pos=169, label=individual], Token [pos=180, label=investors], Token [pos=190, label=and], Token [pos=194, label=professional], Token [pos=207, label=money], Token [pos=213, label=managers], Token [pos=222, label=contend], Token [pos=230, label=.]]
13579 [main] INFO run27 - Starting parse-preprocess.
13579 [main] INFO run27 - Sentence: ROOT A SEC proposal to ease reporting requirements for some company executives would undermine the usefulness of information on insider trades as a stock-picking tool , individual investors and professional money managers contend .
13579 [main] INFO run27 - Tokens: [Token [pos=0, label=ROOT], Token [pos=5, label=A], Token [pos=7, label=SEC], Token [pos=11, label=proposal], Token [pos=20, label=to], Token [pos=23, label=ease], Token [pos=28, label=reporting], Token [pos=38, label=requirements], Token [pos=51, label=for], Token [pos=55, label=some], Token [pos=60, label=company], Token [pos=68, label=executives], Token [pos=79, label=would], Token [pos=85, label=undermine], Token [pos=95, label=the], Token [pos=99, label=usefulness], Token [pos=110, label=of], Token [pos=113, label=information], Token [pos=125, label=on], Token [pos=128, label=insider], Token [pos=136, label=trades], Token [pos=143, label=as], Token [pos=146, label=a], Token [pos=148, label=stock-picking], Token [pos=162, label=tool], Token [pos=167, label=,], Token [pos=169, label=individual], Token [pos=180, label=investors], Token [pos=190, label=and], Token [pos=194, label=professional], Token [pos=207, label=money], Token [pos=213, label=managers], Token [pos=222, label=contend], Token [pos=230, label=.]]
13617 [main] INFO run27 - Found 1263 trees in lexicon which can possibly match in the sentence.
13618 [main] INFO root - Start parsing sentence: 'ROOT A SEC proposal to ease reporting requirements for some company executives would undermine the usefulness of information on insider trades as a stock-picking tool , individual investors and professional money managers contend .'.
13668 [pool-11-thread-1] INFO run27 - Starting parse-process.
13743 [pool-11-thread-1] INFO run27 - Chart initialized. Chart width: 34
13743 [pool-11-thread-1] INFO run27 - Started main loop using following inference rules in ordering: [Scanning, PredictTraversation, CompleteTraversation, PredictSubstitution, CompleteSubstitution, PredictLeftAdjunction, CompleteLeftAdjunction, PredictRightAdjunction, CompleteRightAdjunction]
15711 [main] INFO root - Start prepocessing sentence: 'ROOT They make the argument in letters to the agency about rule changes proposed this past summer that , among other things , would exempt many middle-management executives from reporting trades in their own companies ' shares .'.
15711 [main] INFO root - Tokenized: [Token [pos=0, label=ROOT], Token [pos=5, label=They], Token [pos=10, label=make], Token [pos=15, label=the], Token [pos=19, label=argument], Token [pos=28, label=in], Token [pos=31, label=letters], Token [pos=39, label=to], Token [pos=42, label=the], Token [pos=46, label=agency], Token [pos=53, label=about], Token [pos=59, label=rule], Token [pos=64, label=changes], Token [pos=72, label=proposed], Token [pos=81, label=this], Token [pos=86, label=past], Token [pos=91, label=summer], Token [pos=98, label=that], Token [pos=103, label=,], Token [pos=105, label=among], Token [pos=111, label=other], Token [pos=117, label=things], Token [pos=124, label=,], Token [pos=126, label=would], Token [pos=132, label=exempt], Token [pos=139, label=many], Token [pos=144, label=middle-management], Token [pos=162, label=executives], Token [pos=173, label=from], Token [pos=178, label=reporting], Token [pos=188, label=trades], Token [pos=195, label=in], Token [pos=198, label=their], Token [pos=204, label=own], Token [pos=208, label=companies], Token [pos=218, label='], Token [pos=220, label=shares], Token [pos=227, label=.]]
15712 [main] INFO run28 - Starting parse-preprocess.
15712 [main] INFO run28 - Sentence: ROOT They make the argument in letters to the agency about rule changes proposed this past summer that , among other things , would exempt many middle-management executives from reporting trades in their own companies ' shares .
15712 [main] INFO run28 - Tokens: [Token [pos=0, label=ROOT], Token [pos=5, label=They], Token [pos=10, label=make], Token [pos=15, label=the], Token [pos=19, label=argument], Token [pos=28, label=in], Token [pos=31, label=letters], Token [pos=39, label=to], Token [pos=42, label=the], Token [pos=46, label=agency], Token [pos=53, label=about], Token [pos=59, label=rule], Token [pos=64, label=changes], Token [pos=72, label=proposed], Token [pos=81, label=this], Token [pos=86, label=past], Token [pos=91, label=summer], Token [pos=98, label=that], Token [pos=103, label=,], Token [pos=105, label=among], Token [pos=111, label=other], Token [pos=117, label=things], Token [pos=124, label=,], Token [pos=126, label=would], Token [pos=132, label=exempt], Token [pos=139, label=many], Token [pos=144, label=middle-management], Token [pos=162, label=executives], Token [pos=173, label=from], Token [pos=178, label=reporting], Token [pos=188, label=trades], Token [pos=195, label=in], Token [pos=198, label=their], Token [pos=204, label=own], Token [pos=208, label=companies], Token [pos=218, label='], Token [pos=220, label=shares], Token [pos=227, label=.]]
15715 [main] INFO run28 - Found 1930 trees in lexicon which can possibly match in the sentence.
15716 [main] INFO root - Start parsing sentence: 'ROOT They make the argument in letters to the agency about rule changes proposed this past summer that , among other things , would exempt many middle-management executives from reporting trades in their own companies ' shares .'.
15793 [pool-12-thread-1] INFO run28 - Starting parse-process.
15970 [pool-12-thread-1] INFO run28 - Chart initialized. Chart width: 38
15970 [pool-12-thread-1] INFO run28 - Started main loop using following inference rules in ordering: [Scanning, PredictTraversation, CompleteTraversation, PredictSubstitution, CompleteSubstitution, PredictLeftAdjunction, CompleteLeftAdjunction, PredictRightAdjunction, CompleteRightAdjunction]
17766 [main] INFO root - Start prepocessing sentence: 'ROOT The proposed changes also would allow executives to report exercises of options later and less often .'.
17766 [main] INFO root - Tokenized: [Token [pos=0, label=ROOT], Token [pos=5, label=The], Token [pos=9, label=proposed], Token [pos=18, label=changes], Token [pos=26, label=also], Token [pos=31, label=would], Token [pos=37, label=allow], Token [pos=43, label=executives], Token [pos=54, label=to], Token [pos=57, label=report], Token [pos=64, label=exercises], Token [pos=74, label=of], Token [pos=77, label=options], Token [pos=85, label=later], Token [pos=91, label=and], Token [pos=95, label=less], Token [pos=100, label=often], Token [pos=106, label=.]]
17824 [main] INFO run29 - Starting parse-preprocess.
17824 [main] INFO run29 - Sentence: ROOT The proposed changes also would allow executives to report exercises of options later and less often .
17824 [main] INFO run29 - Tokens: [Token [pos=0, label=ROOT], Token [pos=5, label=The], Token [pos=9, label=proposed], Token [pos=18, label=changes], Token [pos=26, label=also], Token [pos=31, label=would], Token [pos=37, label=allow], Token [pos=43, label=executives], Token [pos=54, label=to], Token [pos=57, label=report], Token [pos=64, label=exercises], Token [pos=74, label=of], Token [pos=77, label=options], Token [pos=85, label=later], Token [pos=91, label=and], Token [pos=95, label=less], Token [pos=100, label=often], Token [pos=106, label=.]]
17824 [main] INFO run29 - Found 425 trees in lexicon which can possibly match in the sentence.
17831 [main] INFO root - Start parsing sentence: 'ROOT The proposed changes also would allow executives to report exercises of options later and less often .'.
17923 [pool-13-thread-1] INFO run29 - Starting parse-process.
17944 [pool-13-thread-1] INFO run29 - Chart initialized. Chart width: 18
17945 [pool-13-thread-1] INFO run29 - Started main loop using following inference rules in ordering: [Scanning, PredictTraversation, CompleteTraversation, PredictSubstitution, CompleteSubstitution, PredictLeftAdjunction, CompleteLeftAdjunction, PredictRightAdjunction, CompleteRightAdjunction]
19904 [main] INFO root - Start prepocessing sentence: 'ROOT Many of the letters maintain that investor confidence has been so shaken by the 1987 stock market crash -- and the markets already so stacked against the little guy -- that any decrease in information on insider-trading patterns might prompt individuals to get out of stocks altogether .'.
19905 [main] INFO root - Tokenized: [Token [pos=0, label=ROOT], Token [pos=5, label=Many], Token [pos=10, label=of], Token [pos=13, label=the], Token [pos=17, label=letters], Token [pos=25, label=maintain], Token [pos=34, label=that], Token [pos=39, label=investor], Token [pos=48, label=confidence], Token [pos=59, label=has], Token [pos=63, label=been], Token [pos=68, label=so], Token [pos=71, label=shaken], Token [pos=78, label=by], Token [pos=81, label=the], Token [pos=85, label=1987], Token [pos=90, label=stock], Token [pos=96, label=market], Token [pos=103, label=crash], Token [pos=109, label=--], Token [pos=112, label=and], Token [pos=116, label=the], Token [pos=120, label=markets], Token [pos=128, label=already], Token [pos=136, label=so], Token [pos=139, label=stacked], Token [pos=147, label=against], Token [pos=155, label=the], Token [pos=159, label=little], Token [pos=166, label=guy], Token [pos=170, label=--], Token [pos=173, label=that], Token [pos=178, label=any], Token [pos=182, label=decrease], Token [pos=191, label=in], Token [pos=194, label=information], Token [pos=206, label=on], Token [pos=209, label=insider-trading], Token [pos=225, label=patterns], Token [pos=234, label=might], Token [pos=240, label=prompt], Token [pos=247, label=individuals], Token [pos=259, label=to], Token [pos=262, label=get], Token [pos=266, label=out], Token [pos=270, label=of], Token [pos=273, label=stocks], Token [pos=280, label=altogether], Token [pos=291, label=.]]
19906 [main] INFO run30 - Starting parse-preprocess.
19906 [main] INFO run30 - Sentence: ROOT Many of the letters maintain that investor confidence has been so shaken by the 1987 stock market crash -- and the markets already so stacked against the little guy -- that any decrease in information on insider-trading patterns might prompt individuals to get out of stocks altogether .
19906 [main] INFO run30 - Tokens: [Token [pos=0, label=ROOT], Token [pos=5, label=Many], Token [pos=10, label=of], Token [pos=13, label=the], Token [pos=17, label=letters], Token [pos=25, label=maintain], Token [pos=34, label=that], Token [pos=39, label=investor], Token [pos=48, label=confidence], Token [pos=59, label=has], Token [pos=63, label=been], Token [pos=68, label=so], Token [pos=71, label=shaken], Token [pos=78, label=by], Token [pos=81, label=the], Token [pos=85, label=1987], Token [pos=90, label=stock], Token [pos=96, label=market], Token [pos=103, label=crash], Token [pos=109, label=--], Token [pos=112, label=and], Token [pos=116, label=the], Token [pos=120, label=markets], Token [pos=128, label=already], Token [pos=136, label=so], Token [pos=139, label=stacked], Token [pos=147, label=against], Token [pos=155, label=the], Token [pos=159, label=little], Token [pos=166, label=guy], Token [pos=170, label=--], Token [pos=173, label=that], Token [pos=178, label=any], Token [pos=182, label=decrease], Token [pos=191, label=in], Token [pos=194, label=information], Token [pos=206, label=on], Token [pos=209, label=insider-trading], Token [pos=225, label=patterns], Token [pos=234, label=might], Token [pos=240, label=prompt], Token [pos=247, label=individuals], Token [pos=259, label=to], Token [pos=262, label=get], Token [pos=266, label=out], Token [pos=270, label=of], Token [pos=273, label=stocks], Token [pos=280, label=altogether], Token [pos=291, label=.]]
19936 [main] INFO run30 - Found 1263 trees in lexicon which can possibly match in the sentence.
19937 [main] INFO root - Start parsing sentence: 'ROOT Many of the letters maintain that investor confidence has been so shaken by the 1987 stock market crash -- and the markets already so stacked against the little guy -- that any decrease in information on insider-trading patterns might prompt individuals to get out of stocks altogether .'.
20035 [pool-14-thread-1] INFO run30 - Starting parse-process.
20185 [pool-14-thread-1] INFO run30 - Chart initialized. Chart width: 49
20185 [pool-14-thread-1] INFO run30 - Started main loop using following inference rules in ordering: [Scanning, PredictTraversation, CompleteTraversation, PredictSubstitution, CompleteSubstitution, PredictLeftAdjunction, CompleteLeftAdjunction, PredictRightAdjunction, CompleteRightAdjunction]
23091 [main] INFO root - Start prepocessing sentence: 'ROOT `` The SEC has historically paid obeisance to the ideal of a level playing field , '' wrote Clyde S. McGregor of Winnetka , Ill. , in one of the 92 letters the agency has received since the changes were proposed Aug. 17 .'.
23091 [main] INFO root - Tokenized: [Token [pos=0, label=ROOT], Token [pos=5, label=`], Token [pos=6, label=`], Token [pos=8, label=The], Token [pos=12, label=SEC], Token [pos=16, label=has], Token [pos=20, label=historically], Token [pos=33, label=paid], Token [pos=38, label=obeisance], Token [pos=48, label=to], Token [pos=51, label=the], Token [pos=55, label=ideal], Token [pos=61, label=of], Token [pos=64, label=a], Token [pos=66, label=level], Token [pos=72, label=playing], Token [pos=80, label=field], Token [pos=86, label=,], Token [pos=88, label='], Token [pos=89, label='], Token [pos=91, label=wrote], Token [pos=97, label=Clyde], Token [pos=103, label=S.], Token [pos=106, label=McGregor], Token [pos=115, label=of], Token [pos=118, label=Winnetka], Token [pos=127, label=,], Token [pos=129, label=Ill.], Token [pos=134, label=,], Token [pos=136, label=in], Token [pos=139, label=one], Token [pos=143, label=of], Token [pos=146, label=the], Token [pos=150, label=92], Token [pos=153, label=letters], Token [pos=161, label=the], Token [pos=165, label=agency], Token [pos=172, label=has], Token [pos=176, label=received], Token [pos=185, label=since], Token [pos=191, label=the], Token [pos=195, label=changes], Token [pos=203, label=were], Token [pos=208, label=proposed], Token [pos=217, label=Aug.], Token [pos=222, label=17], Token [pos=225, label=.]]
23126 [main] INFO run31 - Starting parse-preprocess.
23126 [main] INFO run31 - Sentence: ROOT `` The SEC has historically paid obeisance to the ideal of a level playing field , '' wrote Clyde S. McGregor of Winnetka , Ill. , in one of the 92 letters the agency has received since the changes were proposed Aug. 17 .
23126 [main] INFO run31 - Tokens: [Token [pos=0, label=ROOT], Token [pos=5, label=`], Token [pos=6, label=`], Token [pos=8, label=The], Token [pos=12, label=SEC], Token [pos=16, label=has], Token [pos=20, label=historically], Token [pos=33, label=paid], Token [pos=38, label=obeisance], Token [pos=48, label=to], Token [pos=51, label=the], Token [pos=55, label=ideal], Token [pos=61, label=of], Token [pos=64, label=a], Token [pos=66, label=level], Token [pos=72, label=playing], Token [pos=80, label=field], Token [pos=86, label=,], Token [pos=88, label='], Token [pos=89, label='], Token [pos=91, label=wrote], Token [pos=97, label=Clyde], Token [pos=103, label=S.], Token [pos=106, label=McGregor], Token [pos=115, label=of], Token [pos=118, label=Winnetka], Token [pos=127, label=,], Token [pos=129, label=Ill.], Token [pos=134, label=,], Token [pos=136, label=in], Token [pos=139, label=one], Token [pos=143, label=of], Token [pos=146, label=the], Token [pos=150, label=92], Token [pos=153, label=letters], Token [pos=161, label=the], Token [pos=165, label=agency], Token [pos=172, label=has], Token [pos=176, label=received], Token [pos=185, label=since], Token [pos=191, label=the], Token [pos=195, label=changes], Token [pos=203, label=were], Token [pos=208, label=proposed], Token [pos=217, label=Aug.], Token [pos=222, label=17], Token [pos=225, label=.]]
23195 [main] INFO run31 - Found 2662 trees in lexicon which can possibly match in the sentence.
23197 [main] INFO root - Start parsing sentence: 'ROOT `` The SEC has historically paid obeisance to the ideal of a level playing field , '' wrote Clyde S. McGregor of Winnetka , Ill. , in one of the 92 letters the agency has received since the changes were proposed Aug. 17 .'.
23221 [pool-13-thread-1] INFO run29 - Finished main loop. 80573 items were created.
23221 [pool-13-thread-1] INFO run29 - Success.
23222 [pool-13-thread-1] INFO run29 - Extracting independent-derivation-trees.
23222 [pool-13-thread-1] INFO run29 - Extracting dependent-derivation-trees.
23222 [pool-13-thread-1] INFO run29 - Extracting derived/parse-trees.
23309 [pool-15-thread-1] INFO run31 - Starting parse-process.
23422 [pool-15-thread-1] INFO run31 - Chart initialized. Chart width: 47
23423 [pool-15-thread-1] INFO run31 - Started main loop using following inference rules in ordering: [Scanning, PredictTraversation, CompleteTraversation, PredictSubstitution, CompleteSubstitution, PredictLeftAdjunction, CompleteLeftAdjunction, PredictRightAdjunction, CompleteRightAdjunction]
25405 [main] INFO root - Start prepocessing sentence: 'ROOT `` Apparently the commission did not really believe in this ideal . '''.
25405 [main] INFO root - Tokenized: [Token [pos=0, label=ROOT], Token [pos=5, label=`], Token [pos=6, label=`], Token [pos=8, label=Apparently], Token [pos=19, label=the], Token [pos=23, label=commission], Token [pos=34, label=did], Token [pos=38, label=not], Token [pos=42, label=really], Token [pos=49, label=believe], Token [pos=57, label=in], Token [pos=60, label=this], Token [pos=65, label=ideal], Token [pos=71, label=.], Token [pos=73, label='], Token [pos=74, label=']]
25526 [main] INFO run32 - Starting parse-preprocess.
25526 [main] INFO run32 - Sentence: ROOT `` Apparently the commission did not really believe in this ideal . ''
25526 [main] INFO run32 - Tokens: [Token [pos=0, label=ROOT], Token [pos=5, label=`], Token [pos=6, label=`], Token [pos=8, label=Apparently], Token [pos=19, label=the], Token [pos=23, label=commission], Token [pos=34, label=did], Token [pos=38, label=not], Token [pos=42, label=really], Token [pos=49, label=believe], Token [pos=57, label=in], Token [pos=60, label=this], Token [pos=65, label=ideal], Token [pos=71, label=.], Token [pos=73, label='], Token [pos=74, label=']]
25527 [main] INFO run32 - Found 263 trees in lexicon which can possibly match in the sentence.
25527 [main] INFO root - Start parsing sentence: 'ROOT `` Apparently the commission did not really believe in this ideal . '''.
25635 [pool-16-thread-1] INFO run32 - Starting parse-process.
25726 [pool-10-thread-1] INFO run26 - Finished main loop. 306226 items were created.
25726 [pool-10-thread-1] INFO run26 - Success.
25726 [pool-10-thread-1] INFO run26 - Extracting independent-derivation-trees.
25735 [pool-10-thread-1] INFO run26 - Extracting dependent-derivation-trees.
25737 [pool-10-thread-1] INFO run26 - Extracting derived/parse-trees.
25716 [pool-16-thread-1] INFO run32 - Chart initialized. Chart width: 16
25753 [pool-16-thread-1] INFO run32 - Started main loop using following inference rules in ordering: [Scanning, PredictTraversation, CompleteTraversation, PredictSubstitution, CompleteSubstitution, PredictLeftAdjunction, CompleteLeftAdjunction, PredictRightAdjunction, CompleteRightAdjunction]
26118 [pool-16-thread-1] INFO run32 - Finished main loop. 2993 items were created.
26118 [pool-16-thread-1] ERROR run32 - Failure.
26119 [pool-16-thread-1] ERROR run32 - Could not extract independent-derivation-trees, because it requires status FOREST; Current value: FAILED
26119 [main] INFO root - Start parsing sentence: 'ROOT `` Apparently the commission did not really believe in this ideal . '''.
26119 [main] INFO root - Result: 'parser.early.run.ParseResult@14da5c3'.
